#
# There is insufficient memory for the Java Runtime Environment to continue.
# Native memory allocation (malloc) failed to allocate 694656 bytes for Chunk::new
# Possible reasons:
#   The system is out of physical RAM or swap space
#   The process is running with CompressedOops enabled, and the Java Heap may be blocking the growth of the native heap
# Possible solutions:
#   Reduce memory load on the system
#   Increase physical memory or swap space
#   Check if swap backing store is full
#   Decrease Java heap size (-Xmx/-Xms)
#   Decrease number of Java threads
#   Decrease Java thread stack sizes (-Xss)
#   Set larger code cache with -XX:ReservedCodeCacheSize=
#   JVM is running with Zero Based Compressed Oops mode in which the Java heap is
#     placed in the first 32GB address space. The Java Heap base address is the
#     maximum limit for the native heap growth. Please use -XX:HeapBaseMinAddress
#     to set the Java Heap base and to place the Java Heap above 32GB virtual address.
# This output file may be truncated or incomplete.
#
#  Out of Memory Error (arena.cpp:189), pid=25132, tid=40536
#
# JRE version: OpenJDK Runtime Environment (17.0.2+8) (build 17.0.2+8-86)
# Java VM: OpenJDK 64-Bit Server VM (17.0.2+8-86, mixed mode, sharing, tiered, compressed oops, compressed class ptrs, g1 gc, windows-amd64)
# No core dump will be written. Minidumps are not enabled by default on client versions of Windows
#

---------------  S U M M A R Y ------------

Command Line: -javaagent:C:\Program Files\JetBrains\IntelliJ IDEA Community Edition 2021.3.2\lib\idea_rt.jar=65013:C:\Program Files\JetBrains\IntelliJ IDEA Community Edition 2021.3.2\bin -Dfile.encoding=UTF-8 com.example.PAP2022.MyBackendApplication

Host: Intel(R) Core(TM) i7-10750H CPU @ 2.60GHz, 12 cores, 15G,  Windows 10 , 64 bit Build 19041 (10.0.19041.1566)
Time: Tue Apr 19 17:48:33 2022 Central European Daylight Time elapsed time: 1.136430 seconds (0d 0h 0m 1s)

---------------  T H R E A D  ---------------

Current thread (0x0000019a3076d180):  JavaThread "C2 CompilerThread0" daemon [_thread_in_native, id=40536, stack(0x0000009540900000,0x0000009540a00000)]


Current CompileTask:
C2:   1136 1995       4       jdk.internal.org.objectweb.asm.Frame::execute (2305 bytes)

Stack: [0x0000009540900000,0x0000009540a00000]
Native frames: (J=compiled Java code, j=interpreted, Vv=VM code, C=native code)
V  [jvm.dll+0x670baa]
V  [jvm.dll+0x7cfcb4]
V  [jvm.dll+0x7d145e]
V  [jvm.dll+0x7d1ac3]
V  [jvm.dll+0x242bc5]
V  [jvm.dll+0xaa57b]
V  [jvm.dll+0xaab0c]
V  [jvm.dll+0x2a991f]
V  [jvm.dll+0x5792d9]
V  [jvm.dll+0x21de3d]
V  [jvm.dll+0x21734f]
V  [jvm.dll+0x214fab]
V  [jvm.dll+0x1a1bbd]
V  [jvm.dll+0x224908]
V  [jvm.dll+0x222a6c]
V  [jvm.dll+0x7859bb]
V  [jvm.dll+0x77ff7a]
V  [jvm.dll+0x66fa35]
C  [ucrtbase.dll+0x21bb2]
C  [KERNEL32.DLL+0x17034]
C  [ntdll.dll+0x52651]


---------------  P R O C E S S  ---------------

Threads class SMR info:
_java_thread_list=0x0000019a32d4a050, length=18, elements={
0x0000019a0d6c0400, 0x0000019a30751460, 0x0000019a30752a70, 0x0000019a30762ca0,
0x0000019a30765670, 0x0000019a30766de0, 0x0000019a30768540, 0x0000019a3076d180,
0x0000019a30771e40, 0x0000019a3077f870, 0x0000019a311e2d30, 0x0000019a31317780,
0x0000019a31660540, 0x0000019a31660e10, 0x0000019a31cdf5c0, 0x0000019a31791100,
0x0000019a31ed3b70, 0x0000019a32424a80
}

Java Threads: ( => current thread )
  0x0000019a0d6c0400 JavaThread "main" [_thread_blocked, id=47560, stack(0x000000953fc00000,0x000000953fd00000)]
  0x0000019a30751460 JavaThread "Reference Handler" daemon [_thread_blocked, id=38144, stack(0x0000009540300000,0x0000009540400000)]
  0x0000019a30752a70 JavaThread "Finalizer" daemon [_thread_blocked, id=31600, stack(0x0000009540400000,0x0000009540500000)]
  0x0000019a30762ca0 JavaThread "Signal Dispatcher" daemon [_thread_blocked, id=8756, stack(0x0000009540500000,0x0000009540600000)]
  0x0000019a30765670 JavaThread "Attach Listener" daemon [_thread_blocked, id=17872, stack(0x0000009540600000,0x0000009540700000)]
  0x0000019a30766de0 JavaThread "Service Thread" daemon [_thread_blocked, id=9568, stack(0x0000009540700000,0x0000009540800000)]
  0x0000019a30768540 JavaThread "Monitor Deflation Thread" daemon [_thread_blocked, id=22620, stack(0x0000009540800000,0x0000009540900000)]
=>0x0000019a3076d180 JavaThread "C2 CompilerThread0" daemon [_thread_in_native, id=40536, stack(0x0000009540900000,0x0000009540a00000)]
  0x0000019a30771e40 JavaThread "C1 CompilerThread0" daemon [_thread_blocked, id=39632, stack(0x0000009540a00000,0x0000009540b00000)]
  0x0000019a3077f870 JavaThread "Sweeper thread" daemon [_thread_blocked, id=21296, stack(0x0000009540b00000,0x0000009540c00000)]
  0x0000019a311e2d30 JavaThread "Common-Cleaner" daemon [_thread_blocked, id=23388, stack(0x0000009540c00000,0x0000009540d00000)]
  0x0000019a31317780 JavaThread "C2 CompilerThread1" daemon [_thread_in_native, id=48240, stack(0x0000009540d00000,0x0000009540e00000)]
  0x0000019a31660540 JavaThread "Monitor Ctrl-Break" daemon [_thread_in_native, id=21336, stack(0x0000009540e00000,0x0000009540f00000)]
  0x0000019a31660e10 JavaThread "Notification Thread" daemon [_thread_blocked, id=788, stack(0x0000009540f00000,0x0000009541000000)]
  0x0000019a31cdf5c0 JavaThread "Thread-0" [_thread_blocked, id=40932, stack(0x0000009541100000,0x0000009541200000)]
  0x0000019a31791100 JavaThread "restartedMain" [_thread_in_Java, id=45216, stack(0x0000009541200000,0x0000009541300000)]
  0x0000019a31ed3b70 JavaThread "background-preinit" [_thread_in_vm, id=11736, stack(0x0000009541900000,0x0000009541a00000)]
  0x0000019a32424a80 JavaThread "C2 CompilerThread2" daemon [_thread_in_native, id=32408, stack(0x0000009541e00000,0x0000009541f00000)]

Other Threads:
  0x0000019a307487e0 VMThread "VM Thread" [stack: 0x0000009540200000,0x0000009540300000] [id=10436]
  0x0000019a0d6c12c0 WatcherThread [stack: 0x0000009541000000,0x0000009541100000] [id=13912]
  0x0000019a0d7113a0 GCTaskThread "GC Thread#0" [stack: 0x000000953fd00000,0x000000953fe00000] [id=24052]
  0x0000019a31c1e9f0 GCTaskThread "GC Thread#1" [stack: 0x0000009541300000,0x0000009541400000] [id=31220]
  0x0000019a31c8a540 GCTaskThread "GC Thread#2" [stack: 0x0000009541400000,0x0000009541500000] [id=34652]
  0x0000019a31ca5d40 GCTaskThread "GC Thread#3" [stack: 0x0000009541500000,0x0000009541600000] [id=18272]
  0x0000019a31a80960 GCTaskThread "GC Thread#4" [stack: 0x0000009541600000,0x0000009541700000] [id=26872]
  0x0000019a31ca90a0 GCTaskThread "GC Thread#5" [stack: 0x0000009541700000,0x0000009541800000] [id=26128]
  0x0000019a31cc31c0 GCTaskThread "GC Thread#6" [stack: 0x0000009541800000,0x0000009541900000] [id=18440]
  0x0000019a31e5f9d0 GCTaskThread "GC Thread#7" [stack: 0x0000009541a00000,0x0000009541b00000] [id=11616]
  0x0000019a31e5f1c0 GCTaskThread "GC Thread#8" [stack: 0x0000009541b00000,0x0000009541c00000] [id=42008]
  0x0000019a31e5ff30 GCTaskThread "GC Thread#9" [stack: 0x0000009541c00000,0x0000009541d00000] [id=45468]
  0x0000019a0d722030 ConcurrentGCThread "G1 Main Marker" [stack: 0x000000953fe00000,0x000000953ff00000] [id=42988]
  0x0000019a0d7231e0 ConcurrentGCThread "G1 Conc#0" [stack: 0x000000953ff00000,0x0000009540000000] [id=47572]
  0x0000019a0d7811e0 ConcurrentGCThread "G1 Refine#0" [stack: 0x0000009540000000,0x0000009540100000] [id=1112]
  0x0000019a0d781c00 ConcurrentGCThread "G1 Service" [stack: 0x0000009540100000,0x0000009540200000] [id=38088]

Threads with active compile tasks:
C2 CompilerThread0     1156 1995       4       jdk.internal.org.objectweb.asm.Frame::execute (2305 bytes)
C1 CompilerThread0     1156 2089  s    3       jdk.internal.perf.PerfCounter::add (18 bytes)
C2 CompilerThread1     1156 2032   !   4       jdk.internal.loader.BuiltinClassLoader::loadClassOrNull (143 bytes)
C2 CompilerThread2     1156 2043   !   4       java.util.concurrent.ConcurrentHashMap::putVal (432 bytes)

VM state: not at safepoint (normal execution)

VM Mutex/Monitor currently owned by a thread: None

Heap address: 0x0000000702a00000, size: 4054 MB, Compressed Oops mode: Zero based, Oop shift amount: 3

CDS archive(s) mapped at: [0x0000000800000000-0x0000000800bc0000-0x0000000800bc0000), size 12320768, SharedBaseAddress: 0x0000000800000000, ArchiveRelocationMode: 0.
Compressed class space mapped at: 0x0000000800c00000-0x0000000840c00000, reserved size: 1073741824
Narrow klass base: 0x0000000800000000, Narrow klass shift: 0, Narrow klass range: 0x100000000

GC Precious Log:
 CPUs: 12 total, 12 available
 Memory: 16215M
 Large Page Support: Disabled
 NUMA Support: Disabled
 Compressed Oops: Enabled (Zero based)
 Heap Region Size: 2M
 Heap Min Capacity: 8M
 Heap Initial Capacity: 254M
 Heap Max Capacity: 4054M
 Pre-touch: Disabled
 Parallel Workers: 10
 Concurrent Workers: 3
 Concurrent Refinement Workers: 10
 Periodic GC: Disabled

Heap:
 garbage-first heap   total 260096K, used 35339K [0x0000000702a00000, 0x0000000800000000)
  region size 2048K, 15 young (30720K), 1 survivors (2048K)
 Metaspace       used 17638K, committed 17856K, reserved 1064960K
  class space    used 2245K, committed 2368K, reserved 1048576K

Heap Regions: E=young(eden), S=young(survivor), O=old, HS=humongous(starts), HC=humongous(continues), CS=collection set, F=free, OA=open archive, CA=closed archive, TAMS=top-at-mark-start (previous, next)
|   0|0x0000000702a00000, 0x0000000702c00000, 0x0000000702c00000|100%| O|  |TAMS 0x0000000702a00000, 0x0000000702a00000| Untracked 
|   1|0x0000000702c00000, 0x0000000702e00000, 0x0000000702e00000|100%| O|  |TAMS 0x0000000702c00000, 0x0000000702c00000| Untracked 
|   2|0x0000000702e00000, 0x0000000703000000, 0x0000000703000000|100%| O|  |TAMS 0x0000000702e00000, 0x0000000702e00000| Untracked 
|   3|0x0000000703000000, 0x0000000703082e00, 0x0000000703200000| 25%| O|  |TAMS 0x0000000703000000, 0x0000000703000000| Untracked 
|   4|0x0000000703200000, 0x0000000703200000, 0x0000000703400000|  0%| F|  |TAMS 0x0000000703200000, 0x0000000703200000| Untracked 
|   5|0x0000000703400000, 0x0000000703400000, 0x0000000703600000|  0%| F|  |TAMS 0x0000000703400000, 0x0000000703400000| Untracked 
|   6|0x0000000703600000, 0x0000000703600000, 0x0000000703800000|  0%| F|  |TAMS 0x0000000703600000, 0x0000000703600000| Untracked 
|   7|0x0000000703800000, 0x0000000703800000, 0x0000000703a00000|  0%| F|  |TAMS 0x0000000703800000, 0x0000000703800000| Untracked 
|   8|0x0000000703a00000, 0x0000000703a00000, 0x0000000703c00000|  0%| F|  |TAMS 0x0000000703a00000, 0x0000000703a00000| Untracked 
|   9|0x0000000703c00000, 0x0000000703c00000, 0x0000000703e00000|  0%| F|  |TAMS 0x0000000703c00000, 0x0000000703c00000| Untracked 
|  10|0x0000000703e00000, 0x0000000703e00000, 0x0000000704000000|  0%| F|  |TAMS 0x0000000703e00000, 0x0000000703e00000| Untracked 
|  11|0x0000000704000000, 0x0000000704000000, 0x0000000704200000|  0%| F|  |TAMS 0x0000000704000000, 0x0000000704000000| Untracked 
|  12|0x0000000704200000, 0x0000000704200000, 0x0000000704400000|  0%| F|  |TAMS 0x0000000704200000, 0x0000000704200000| Untracked 
|  13|0x0000000704400000, 0x0000000704400000, 0x0000000704600000|  0%| F|  |TAMS 0x0000000704400000, 0x0000000704400000| Untracked 
|  14|0x0000000704600000, 0x0000000704600000, 0x0000000704800000|  0%| F|  |TAMS 0x0000000704600000, 0x0000000704600000| Untracked 
|  15|0x0000000704800000, 0x0000000704800000, 0x0000000704a00000|  0%| F|  |TAMS 0x0000000704800000, 0x0000000704800000| Untracked 
|  16|0x0000000704a00000, 0x0000000704a00000, 0x0000000704c00000|  0%| F|  |TAMS 0x0000000704a00000, 0x0000000704a00000| Untracked 
|  17|0x0000000704c00000, 0x0000000704c00000, 0x0000000704e00000|  0%| F|  |TAMS 0x0000000704c00000, 0x0000000704c00000| Untracked 
|  18|0x0000000704e00000, 0x0000000704e00000, 0x0000000705000000|  0%| F|  |TAMS 0x0000000704e00000, 0x0000000704e00000| Untracked 
|  19|0x0000000705000000, 0x0000000705000000, 0x0000000705200000|  0%| F|  |TAMS 0x0000000705000000, 0x0000000705000000| Untracked 
|  20|0x0000000705200000, 0x0000000705200000, 0x0000000705400000|  0%| F|  |TAMS 0x0000000705200000, 0x0000000705200000| Untracked 
|  21|0x0000000705400000, 0x0000000705400000, 0x0000000705600000|  0%| F|  |TAMS 0x0000000705400000, 0x0000000705400000| Untracked 
|  22|0x0000000705600000, 0x0000000705600000, 0x0000000705800000|  0%| F|  |TAMS 0x0000000705600000, 0x0000000705600000| Untracked 
|  23|0x0000000705800000, 0x0000000705800000, 0x0000000705a00000|  0%| F|  |TAMS 0x0000000705800000, 0x0000000705800000| Untracked 
|  24|0x0000000705a00000, 0x0000000705a00000, 0x0000000705c00000|  0%| F|  |TAMS 0x0000000705a00000, 0x0000000705a00000| Untracked 
|  25|0x0000000705c00000, 0x0000000705c00000, 0x0000000705e00000|  0%| F|  |TAMS 0x0000000705c00000, 0x0000000705c00000| Untracked 
|  26|0x0000000705e00000, 0x0000000705e00000, 0x0000000706000000|  0%| F|  |TAMS 0x0000000705e00000, 0x0000000705e00000| Untracked 
|  27|0x0000000706000000, 0x0000000706000000, 0x0000000706200000|  0%| F|  |TAMS 0x0000000706000000, 0x0000000706000000| Untracked 
|  28|0x0000000706200000, 0x0000000706200000, 0x0000000706400000|  0%| F|  |TAMS 0x0000000706200000, 0x0000000706200000| Untracked 
|  29|0x0000000706400000, 0x0000000706400000, 0x0000000706600000|  0%| F|  |TAMS 0x0000000706400000, 0x0000000706400000| Untracked 
|  30|0x0000000706600000, 0x0000000706600000, 0x0000000706800000|  0%| F|  |TAMS 0x0000000706600000, 0x0000000706600000| Untracked 
|  31|0x0000000706800000, 0x0000000706800000, 0x0000000706a00000|  0%| F|  |TAMS 0x0000000706800000, 0x0000000706800000| Untracked 
|  32|0x0000000706a00000, 0x0000000706a00000, 0x0000000706c00000|  0%| F|  |TAMS 0x0000000706a00000, 0x0000000706a00000| Untracked 
|  33|0x0000000706c00000, 0x0000000706c00000, 0x0000000706e00000|  0%| F|  |TAMS 0x0000000706c00000, 0x0000000706c00000| Untracked 
|  34|0x0000000706e00000, 0x0000000706e00000, 0x0000000707000000|  0%| F|  |TAMS 0x0000000706e00000, 0x0000000706e00000| Untracked 
|  35|0x0000000707000000, 0x0000000707000000, 0x0000000707200000|  0%| F|  |TAMS 0x0000000707000000, 0x0000000707000000| Untracked 
|  36|0x0000000707200000, 0x0000000707200000, 0x0000000707400000|  0%| F|  |TAMS 0x0000000707200000, 0x0000000707200000| Untracked 
|  37|0x0000000707400000, 0x0000000707400000, 0x0000000707600000|  0%| F|  |TAMS 0x0000000707400000, 0x0000000707400000| Untracked 
|  38|0x0000000707600000, 0x0000000707600000, 0x0000000707800000|  0%| F|  |TAMS 0x0000000707600000, 0x0000000707600000| Untracked 
|  39|0x0000000707800000, 0x0000000707800000, 0x0000000707a00000|  0%| F|  |TAMS 0x0000000707800000, 0x0000000707800000| Untracked 
|  40|0x0000000707a00000, 0x0000000707a00000, 0x0000000707c00000|  0%| F|  |TAMS 0x0000000707a00000, 0x0000000707a00000| Untracked 
|  41|0x0000000707c00000, 0x0000000707c00000, 0x0000000707e00000|  0%| F|  |TAMS 0x0000000707c00000, 0x0000000707c00000| Untracked 
|  42|0x0000000707e00000, 0x0000000707e00000, 0x0000000708000000|  0%| F|  |TAMS 0x0000000707e00000, 0x0000000707e00000| Untracked 
|  43|0x0000000708000000, 0x0000000708000000, 0x0000000708200000|  0%| F|  |TAMS 0x0000000708000000, 0x0000000708000000| Untracked 
|  44|0x0000000708200000, 0x0000000708200000, 0x0000000708400000|  0%| F|  |TAMS 0x0000000708200000, 0x0000000708200000| Untracked 
|  45|0x0000000708400000, 0x0000000708400000, 0x0000000708600000|  0%| F|  |TAMS 0x0000000708400000, 0x0000000708400000| Untracked 
|  46|0x0000000708600000, 0x0000000708600000, 0x0000000708800000|  0%| F|  |TAMS 0x0000000708600000, 0x0000000708600000| Untracked 
|  47|0x0000000708800000, 0x0000000708800000, 0x0000000708a00000|  0%| F|  |TAMS 0x0000000708800000, 0x0000000708800000| Untracked 
|  48|0x0000000708a00000, 0x0000000708a00000, 0x0000000708c00000|  0%| F|  |TAMS 0x0000000708a00000, 0x0000000708a00000| Untracked 
|  49|0x0000000708c00000, 0x0000000708c00000, 0x0000000708e00000|  0%| F|  |TAMS 0x0000000708c00000, 0x0000000708c00000| Untracked 
|  50|0x0000000708e00000, 0x0000000708e00000, 0x0000000709000000|  0%| F|  |TAMS 0x0000000708e00000, 0x0000000708e00000| Untracked 
|  51|0x0000000709000000, 0x0000000709000000, 0x0000000709200000|  0%| F|  |TAMS 0x0000000709000000, 0x0000000709000000| Untracked 
|  52|0x0000000709200000, 0x0000000709200000, 0x0000000709400000|  0%| F|  |TAMS 0x0000000709200000, 0x0000000709200000| Untracked 
|  53|0x0000000709400000, 0x0000000709400000, 0x0000000709600000|  0%| F|  |TAMS 0x0000000709400000, 0x0000000709400000| Untracked 
|  54|0x0000000709600000, 0x0000000709600000, 0x0000000709800000|  0%| F|  |TAMS 0x0000000709600000, 0x0000000709600000| Untracked 
|  55|0x0000000709800000, 0x0000000709800000, 0x0000000709a00000|  0%| F|  |TAMS 0x0000000709800000, 0x0000000709800000| Untracked 
|  56|0x0000000709a00000, 0x0000000709a00000, 0x0000000709c00000|  0%| F|  |TAMS 0x0000000709a00000, 0x0000000709a00000| Untracked 
|  57|0x0000000709c00000, 0x0000000709c00000, 0x0000000709e00000|  0%| F|  |TAMS 0x0000000709c00000, 0x0000000709c00000| Untracked 
|  58|0x0000000709e00000, 0x0000000709e00000, 0x000000070a000000|  0%| F|  |TAMS 0x0000000709e00000, 0x0000000709e00000| Untracked 
|  59|0x000000070a000000, 0x000000070a000000, 0x000000070a200000|  0%| F|  |TAMS 0x000000070a000000, 0x000000070a000000| Untracked 
|  60|0x000000070a200000, 0x000000070a200000, 0x000000070a400000|  0%| F|  |TAMS 0x000000070a200000, 0x000000070a200000| Untracked 
|  61|0x000000070a400000, 0x000000070a400000, 0x000000070a600000|  0%| F|  |TAMS 0x000000070a400000, 0x000000070a400000| Untracked 
|  62|0x000000070a600000, 0x000000070a600000, 0x000000070a800000|  0%| F|  |TAMS 0x000000070a600000, 0x000000070a600000| Untracked 
|  63|0x000000070a800000, 0x000000070a800000, 0x000000070aa00000|  0%| F|  |TAMS 0x000000070a800000, 0x000000070a800000| Untracked 
|  64|0x000000070aa00000, 0x000000070aa00000, 0x000000070ac00000|  0%| F|  |TAMS 0x000000070aa00000, 0x000000070aa00000| Untracked 
|  65|0x000000070ac00000, 0x000000070ac00000, 0x000000070ae00000|  0%| F|  |TAMS 0x000000070ac00000, 0x000000070ac00000| Untracked 
|  66|0x000000070ae00000, 0x000000070ae00000, 0x000000070b000000|  0%| F|  |TAMS 0x000000070ae00000, 0x000000070ae00000| Untracked 
|  67|0x000000070b000000, 0x000000070b000000, 0x000000070b200000|  0%| F|  |TAMS 0x000000070b000000, 0x000000070b000000| Untracked 
|  68|0x000000070b200000, 0x000000070b200000, 0x000000070b400000|  0%| F|  |TAMS 0x000000070b200000, 0x000000070b200000| Untracked 
|  69|0x000000070b400000, 0x000000070b400000, 0x000000070b600000|  0%| F|  |TAMS 0x000000070b400000, 0x000000070b400000| Untracked 
|  70|0x000000070b600000, 0x000000070b600000, 0x000000070b800000|  0%| F|  |TAMS 0x000000070b600000, 0x000000070b600000| Untracked 
|  71|0x000000070b800000, 0x000000070b800000, 0x000000070ba00000|  0%| F|  |TAMS 0x000000070b800000, 0x000000070b800000| Untracked 
|  72|0x000000070ba00000, 0x000000070ba00000, 0x000000070bc00000|  0%| F|  |TAMS 0x000000070ba00000, 0x000000070ba00000| Untracked 
|  73|0x000000070bc00000, 0x000000070bc00000, 0x000000070be00000|  0%| F|  |TAMS 0x000000070bc00000, 0x000000070bc00000| Untracked 
|  74|0x000000070be00000, 0x000000070be00000, 0x000000070c000000|  0%| F|  |TAMS 0x000000070be00000, 0x000000070be00000| Untracked 
|  75|0x000000070c000000, 0x000000070c000000, 0x000000070c200000|  0%| F|  |TAMS 0x000000070c000000, 0x000000070c000000| Untracked 
|  76|0x000000070c200000, 0x000000070c200000, 0x000000070c400000|  0%| F|  |TAMS 0x000000070c200000, 0x000000070c200000| Untracked 
|  77|0x000000070c400000, 0x000000070c400000, 0x000000070c600000|  0%| F|  |TAMS 0x000000070c400000, 0x000000070c400000| Untracked 
|  78|0x000000070c600000, 0x000000070c600000, 0x000000070c800000|  0%| F|  |TAMS 0x000000070c600000, 0x000000070c600000| Untracked 
|  79|0x000000070c800000, 0x000000070c800000, 0x000000070ca00000|  0%| F|  |TAMS 0x000000070c800000, 0x000000070c800000| Untracked 
|  80|0x000000070ca00000, 0x000000070ca00000, 0x000000070cc00000|  0%| F|  |TAMS 0x000000070ca00000, 0x000000070ca00000| Untracked 
|  81|0x000000070cc00000, 0x000000070cc00000, 0x000000070ce00000|  0%| F|  |TAMS 0x000000070cc00000, 0x000000070cc00000| Untracked 
|  82|0x000000070ce00000, 0x000000070ce00000, 0x000000070d000000|  0%| F|  |TAMS 0x000000070ce00000, 0x000000070ce00000| Untracked 
|  83|0x000000070d000000, 0x000000070d000000, 0x000000070d200000|  0%| F|  |TAMS 0x000000070d000000, 0x000000070d000000| Untracked 
|  84|0x000000070d200000, 0x000000070d200000, 0x000000070d400000|  0%| F|  |TAMS 0x000000070d200000, 0x000000070d200000| Untracked 
|  85|0x000000070d400000, 0x000000070d400000, 0x000000070d600000|  0%| F|  |TAMS 0x000000070d400000, 0x000000070d400000| Untracked 
|  86|0x000000070d600000, 0x000000070d600000, 0x000000070d800000|  0%| F|  |TAMS 0x000000070d600000, 0x000000070d600000| Untracked 
|  87|0x000000070d800000, 0x000000070d800000, 0x000000070da00000|  0%| F|  |TAMS 0x000000070d800000, 0x000000070d800000| Untracked 
|  88|0x000000070da00000, 0x000000070da00000, 0x000000070dc00000|  0%| F|  |TAMS 0x000000070da00000, 0x000000070da00000| Untracked 
|  89|0x000000070dc00000, 0x000000070dc00000, 0x000000070de00000|  0%| F|  |TAMS 0x000000070dc00000, 0x000000070dc00000| Untracked 
|  90|0x000000070de00000, 0x000000070de00000, 0x000000070e000000|  0%| F|  |TAMS 0x000000070de00000, 0x000000070de00000| Untracked 
|  91|0x000000070e000000, 0x000000070e000000, 0x000000070e200000|  0%| F|  |TAMS 0x000000070e000000, 0x000000070e000000| Untracked 
|  92|0x000000070e200000, 0x000000070e200000, 0x000000070e400000|  0%| F|  |TAMS 0x000000070e200000, 0x000000070e200000| Untracked 
|  93|0x000000070e400000, 0x000000070e400000, 0x000000070e600000|  0%| F|  |TAMS 0x000000070e400000, 0x000000070e400000| Untracked 
|  94|0x000000070e600000, 0x000000070e600000, 0x000000070e800000|  0%| F|  |TAMS 0x000000070e600000, 0x000000070e600000| Untracked 
|  95|0x000000070e800000, 0x000000070e800000, 0x000000070ea00000|  0%| F|  |TAMS 0x000000070e800000, 0x000000070e800000| Untracked 
|  96|0x000000070ea00000, 0x000000070ea00000, 0x000000070ec00000|  0%| F|  |TAMS 0x000000070ea00000, 0x000000070ea00000| Untracked 
|  97|0x000000070ec00000, 0x000000070ec00000, 0x000000070ee00000|  0%| F|  |TAMS 0x000000070ec00000, 0x000000070ec00000| Untracked 
|  98|0x000000070ee00000, 0x000000070ee00000, 0x000000070f000000|  0%| F|  |TAMS 0x000000070ee00000, 0x000000070ee00000| Untracked 
|  99|0x000000070f000000, 0x000000070f000000, 0x000000070f200000|  0%| F|  |TAMS 0x000000070f000000, 0x000000070f000000| Untracked 
| 100|0x000000070f200000, 0x000000070f200000, 0x000000070f400000|  0%| F|  |TAMS 0x000000070f200000, 0x000000070f200000| Untracked 
| 101|0x000000070f400000, 0x000000070f400000, 0x000000070f600000|  0%| F|  |TAMS 0x000000070f400000, 0x000000070f400000| Untracked 
| 102|0x000000070f600000, 0x000000070f600000, 0x000000070f800000|  0%| F|  |TAMS 0x000000070f600000, 0x000000070f600000| Untracked 
| 103|0x000000070f800000, 0x000000070f800000, 0x000000070fa00000|  0%| F|  |TAMS 0x000000070f800000, 0x000000070f800000| Untracked 
| 104|0x000000070fa00000, 0x000000070fa00000, 0x000000070fc00000|  0%| F|  |TAMS 0x000000070fa00000, 0x000000070fa00000| Untracked 
| 105|0x000000070fc00000, 0x000000070fc00000, 0x000000070fe00000|  0%| F|  |TAMS 0x000000070fc00000, 0x000000070fc00000| Untracked 
| 106|0x000000070fe00000, 0x000000070fe00000, 0x0000000710000000|  0%| F|  |TAMS 0x000000070fe00000, 0x000000070fe00000| Untracked 
| 107|0x0000000710000000, 0x0000000710000000, 0x0000000710200000|  0%| F|  |TAMS 0x0000000710000000, 0x0000000710000000| Untracked 
| 108|0x0000000710200000, 0x0000000710200000, 0x0000000710400000|  0%| F|  |TAMS 0x0000000710200000, 0x0000000710200000| Untracked 
| 109|0x0000000710400000, 0x0000000710400000, 0x0000000710600000|  0%| F|  |TAMS 0x0000000710400000, 0x0000000710400000| Untracked 
| 110|0x0000000710600000, 0x0000000710600000, 0x0000000710800000|  0%| F|  |TAMS 0x0000000710600000, 0x0000000710600000| Untracked 
| 111|0x0000000710800000, 0x0000000710a00000, 0x0000000710a00000|100%| S|CS|TAMS 0x0000000710800000, 0x0000000710800000| Complete 
| 112|0x0000000710a00000, 0x0000000710a00000, 0x0000000710c00000|  0%| F|  |TAMS 0x0000000710a00000, 0x0000000710a00000| Untracked 
| 113|0x0000000710c00000, 0x0000000710c72900, 0x0000000710e00000| 22%| E|  |TAMS 0x0000000710c00000, 0x0000000710c00000| Complete 
| 114|0x0000000710e00000, 0x0000000711000000, 0x0000000711000000|100%| E|CS|TAMS 0x0000000710e00000, 0x0000000710e00000| Complete 
| 115|0x0000000711000000, 0x0000000711200000, 0x0000000711200000|100%| E|CS|TAMS 0x0000000711000000, 0x0000000711000000| Complete 
| 116|0x0000000711200000, 0x0000000711400000, 0x0000000711400000|100%| E|CS|TAMS 0x0000000711200000, 0x0000000711200000| Complete 
| 117|0x0000000711400000, 0x0000000711600000, 0x0000000711600000|100%| E|CS|TAMS 0x0000000711400000, 0x0000000711400000| Complete 
| 118|0x0000000711600000, 0x0000000711800000, 0x0000000711800000|100%| E|CS|TAMS 0x0000000711600000, 0x0000000711600000| Complete 
| 119|0x0000000711800000, 0x0000000711a00000, 0x0000000711a00000|100%| E|CS|TAMS 0x0000000711800000, 0x0000000711800000| Complete 
| 120|0x0000000711a00000, 0x0000000711c00000, 0x0000000711c00000|100%| E|CS|TAMS 0x0000000711a00000, 0x0000000711a00000| Complete 
| 121|0x0000000711c00000, 0x0000000711e00000, 0x0000000711e00000|100%| E|CS|TAMS 0x0000000711c00000, 0x0000000711c00000| Complete 
| 122|0x0000000711e00000, 0x0000000712000000, 0x0000000712000000|100%| E|CS|TAMS 0x0000000711e00000, 0x0000000711e00000| Complete 
| 123|0x0000000712000000, 0x0000000712200000, 0x0000000712200000|100%| E|CS|TAMS 0x0000000712000000, 0x0000000712000000| Complete 
| 124|0x0000000712200000, 0x0000000712400000, 0x0000000712400000|100%| E|CS|TAMS 0x0000000712200000, 0x0000000712200000| Complete 
| 125|0x0000000712400000, 0x0000000712600000, 0x0000000712600000|100%| E|CS|TAMS 0x0000000712400000, 0x0000000712400000| Complete 
| 126|0x0000000712600000, 0x0000000712800000, 0x0000000712800000|100%| E|CS|TAMS 0x0000000712600000, 0x0000000712600000| Complete 

Card table byte_map: [0x0000019a24c50000,0x0000019a25440000] _byte_map_base: 0x0000019a2143b000

Marking Bits (Prev, Next): (CMBitMap*) 0x0000019a0d7119b0, (CMBitMap*) 0x0000019a0d7119f0
 Prev Bits: [0x0000019a25c30000, 0x0000019a29b88000)
 Next Bits: [0x0000019a29b90000, 0x0000019a2dae8000)

Polling page: 0x0000019a0b680000

Metaspace:

Usage:
  Non-class:     15.11 MB used.
      Class:      2.20 MB used.
       Both:     17.31 MB used.

Virtual space:
  Non-class space:       16.00 MB reserved,      15.19 MB ( 95%) committed,  2 nodes.
      Class space:        1.00 GB reserved,       2.31 MB ( <1%) committed,  1 nodes.
             Both:        1.02 GB reserved,      17.50 MB (  2%) committed. 

Chunk freelists:
   Non-Class:  256.00 KB
       Class:  1.72 MB
        Both:  1.97 MB

MaxMetaspaceSize: unlimited
CompressedClassSpaceSize: 1.00 GB
Initial GC threshold: 21.00 MB
Current GC threshold: 21.00 MB
CDS: on
MetaspaceReclaimPolicy: balanced
 - commit_granule_bytes: 65536.
 - commit_granule_words: 8192.
 - virtual_space_node_default_size: 1048576.
 - enlarge_chunks_in_place: 1.
 - new_chunks_are_fully_committed: 0.
 - uncommit_free_chunks: 1.
 - use_allocation_guard: 0.
 - handle_deallocations: 1.


Internal statistics:

num_allocs_failed_limit: 0.
num_arena_births: 156.
num_arena_deaths: 0.
num_vsnodes_births: 3.
num_vsnodes_deaths: 0.
num_space_committed: 280.
num_space_uncommitted: 0.
num_chunks_returned_to_freelist: 0.
num_chunks_taken_from_freelist: 694.
num_chunk_merges: 0.
num_chunk_splits: 505.
num_chunks_enlarged: 420.
num_purges: 0.
num_inconsistent_stats: 0.

CodeHeap 'non-profiled nmethods': size=120000Kb used=855Kb max_used=855Kb free=119144Kb
 bounds [0x0000019a1c9d0000, 0x0000019a1cc40000, 0x0000019a23f00000]
CodeHeap 'profiled nmethods': size=120000Kb used=3933Kb max_used=3933Kb free=116067Kb
 bounds [0x0000019a154a0000, 0x0000019a15880000, 0x0000019a1c9d0000]
CodeHeap 'non-nmethods': size=5760Kb used=1177Kb max_used=1231Kb free=4582Kb
 bounds [0x0000019a14f00000, 0x0000019a15170000, 0x0000019a154a0000]
 total_blobs=2558 nmethods=2088 adapters=382
 compilation: enabled
              stopped_count=0, restarted_count=0
 full_count=0

Compilation events (20 events):
Event: 1.121 Thread 0x0000019a30771e40 2027       3       org.springframework.util.CollectionUtils::isEmpty (19 bytes)
Event: 1.122 Thread 0x0000019a30771e40 nmethod 2027 0x0000019a15846910 code [0x0000019a15846ac0, 0x0000019a15846d08]
Event: 1.122 Thread 0x0000019a31317780 2028       4       java.lang.StringConcatHelper::newString (67 bytes)
Event: 1.123 Thread 0x0000019a32424a80 nmethod 1984 0x0000019a1caa2190 code [0x0000019a1caa2300, 0x0000019a1caa2cb8]
Event: 1.123 Thread 0x0000019a31317780 nmethod 2028 0x0000019a1caa2d90 code [0x0000019a1caa2f20, 0x0000019a1caa3018]
Event: 1.124 Thread 0x0000019a31317780 2029       4       java.lang.StringBuilder::toString (35 bytes)
Event: 1.124 Thread 0x0000019a32424a80 2030       4       java.lang.ClassLoader::findLoadedClass (15 bytes)
Event: 1.126 Thread 0x0000019a32424a80 nmethod 2030 0x0000019a1caa3110 code [0x0000019a1caa32c0, 0x0000019a1caa3568]
Event: 1.126 Thread 0x0000019a32424a80 2031       4       java.util.ArrayList$Itr::hasNext (20 bytes)
Event: 1.126 Thread 0x0000019a32424a80 nmethod 2031 0x0000019a1caa3810 code [0x0000019a1caa3980, 0x0000019a1caa3a18]
Event: 1.126 Thread 0x0000019a31317780 nmethod 2029 0x0000019a1caa3b10 code [0x0000019a1caa3ca0, 0x0000019a1caa4148]
Event: 1.127 Thread 0x0000019a31317780 2032   !   4       jdk.internal.loader.BuiltinClassLoader::loadClassOrNull (143 bytes)
Event: 1.128 Thread 0x0000019a32424a80 2033       4       jdk.internal.loader.BuiltinClassLoader::findLoadedModule (33 bytes)
Event: 1.130 Thread 0x0000019a30771e40 2036       3       java.util.jar.JavaUtilJarAccessImpl::getTrustedAttributes (6 bytes)
Event: 1.130 Thread 0x0000019a30771e40 nmethod 2036 0x0000019a15846e10 code [0x0000019a15846fc0, 0x0000019a15847108]
Event: 1.132 Thread 0x0000019a30771e40 2038       3       java.util.Arrays$ArrayList::iterator (12 bytes)
Event: 1.132 Thread 0x0000019a30771e40 nmethod 2038 0x0000019a15847210 code [0x0000019a158473c0, 0x0000019a15847658]
Event: 1.134 Thread 0x0000019a30771e40 2039       3       java.lang.ClassLoader::definePackage (53 bytes)
Event: 1.135 Thread 0x0000019a30771e40 nmethod 2039 0x0000019a15847790 code [0x0000019a15847980, 0x0000019a15847ed8]
Event: 1.135 Thread 0x0000019a30771e40 2040       3       jdk.internal.loader.BuiltinClassLoader::definePackage (277 bytes)

GC Heap History (4 events):
Event: 0.524 GC heap before
{Heap before GC invocations=0 (full 0):
 garbage-first heap   total 260096K, used 22528K [0x0000000702a00000, 0x0000000800000000)
  region size 2048K, 11 young (22528K), 0 survivors (0K)
 Metaspace       used 5112K, committed 5248K, reserved 1056768K
  class space    used 571K, committed 640K, reserved 1048576K
}
Event: 0.527 GC heap after
{Heap after GC invocations=1 (full 0):
 garbage-first heap   total 260096K, used 6495K [0x0000000702a00000, 0x0000000800000000)
  region size 2048K, 2 young (4096K), 2 survivors (4096K)
 Metaspace       used 5112K, committed 5248K, reserved 1056768K
  class space    used 571K, committed 640K, reserved 1048576K
}
Event: 0.946 GC heap before
{Heap before GC invocations=1 (full 0):
 garbage-first heap   total 260096K, used 31071K [0x0000000702a00000, 0x0000000800000000)
  region size 2048K, 15 young (30720K), 2 survivors (4096K)
 Metaspace       used 11843K, committed 12160K, reserved 1064960K
  class space    used 1520K, committed 1664K, reserved 1048576K
}
Event: 0.950 GC heap after
{Heap after GC invocations=2 (full 0):
 garbage-first heap   total 260096K, used 8715K [0x0000000702a00000, 0x0000000800000000)
  region size 2048K, 1 young (2048K), 1 survivors (2048K)
 Metaspace       used 11843K, committed 12160K, reserved 1064960K
  class space    used 1520K, committed 1664K, reserved 1048576K
}

Deoptimization events (20 events):
Event: 1.094 Thread 0x0000019a31791100 DEOPT PACKING pc=0x0000019a15659d65 sp=0x00000095412fda60
Event: 1.094 Thread 0x0000019a31791100 DEOPT UNPACKING pc=0x0000019a14f52b43 sp=0x00000095412fcf58 mode 0
Event: 1.095 Thread 0x0000019a31791100 DEOPT PACKING pc=0x0000019a15659d65 sp=0x00000095412fda60
Event: 1.095 Thread 0x0000019a31791100 DEOPT UNPACKING pc=0x0000019a14f52b43 sp=0x00000095412fcf58 mode 0
Event: 1.095 Thread 0x0000019a31791100 DEOPT PACKING pc=0x0000019a15659d65 sp=0x00000095412fda60
Event: 1.095 Thread 0x0000019a31791100 DEOPT UNPACKING pc=0x0000019a14f52b43 sp=0x00000095412fcf58 mode 0
Event: 1.095 Thread 0x0000019a31791100 DEOPT PACKING pc=0x0000019a15659d65 sp=0x00000095412fda60
Event: 1.095 Thread 0x0000019a31791100 DEOPT UNPACKING pc=0x0000019a14f52b43 sp=0x00000095412fcf58 mode 0
Event: 1.096 Thread 0x0000019a31791100 DEOPT PACKING pc=0x0000019a15659d65 sp=0x00000095412fda60
Event: 1.096 Thread 0x0000019a31791100 DEOPT UNPACKING pc=0x0000019a14f52b43 sp=0x00000095412fcf58 mode 0
Event: 1.096 Thread 0x0000019a31791100 DEOPT PACKING pc=0x0000019a15659d65 sp=0x00000095412fda60
Event: 1.096 Thread 0x0000019a31791100 DEOPT UNPACKING pc=0x0000019a14f52b43 sp=0x00000095412fcf58 mode 0
Event: 1.096 Thread 0x0000019a31791100 DEOPT PACKING pc=0x0000019a15659d65 sp=0x00000095412fda60
Event: 1.096 Thread 0x0000019a31791100 DEOPT UNPACKING pc=0x0000019a14f52b43 sp=0x00000095412fcf58 mode 0
Event: 1.097 Thread 0x0000019a31791100 DEOPT PACKING pc=0x0000019a15659d65 sp=0x00000095412fda60
Event: 1.097 Thread 0x0000019a31791100 DEOPT UNPACKING pc=0x0000019a14f52b43 sp=0x00000095412fcf58 mode 0
Event: 1.097 Thread 0x0000019a31791100 DEOPT PACKING pc=0x0000019a15659d65 sp=0x00000095412fda60
Event: 1.097 Thread 0x0000019a31791100 DEOPT UNPACKING pc=0x0000019a14f52b43 sp=0x00000095412fcf58 mode 0
Event: 1.097 Thread 0x0000019a31791100 DEOPT PACKING pc=0x0000019a15659d65 sp=0x00000095412fda60
Event: 1.097 Thread 0x0000019a31791100 DEOPT UNPACKING pc=0x0000019a14f52b43 sp=0x00000095412fcf58 mode 0

Classes unloaded (0 events):
No events

Classes redefined (0 events):
No events

Internal exceptions (20 events):
Event: 0.786 Thread 0x0000019a31791100 Exception <a 'java/lang/NoSuchMethodError'{0x0000000711a531d0}: 'void java.lang.invoke.DirectMethodHandle$Holder.invokeVirtual(java.lang.Object, java.lang.Object, java.lang.Object, java.lang.Object)'> (0x0000000711a531d0) 
thrown [t:\workspace\open\src\hotspot\share\interpreter\linkResolver.cpp, line 766]
Event: 0.810 Thread 0x0000019a31791100 Exception <a 'java/lang/NoSuchMethodError'{0x0000000711b82b18}: 'void java.lang.invoke.DirectMethodHandle$Holder.invokeSpecial(java.lang.Object, java.lang.Object, java.lang.Object)'> (0x0000000711b82b18) 
thrown [t:\workspace\open\src\hotspot\share\interpreter\linkResolver.cpp, line 766]
Event: 0.998 Thread 0x0000019a31791100 Exception <a 'java/lang/ClassNotFoundException'{0x00000007125cd768}: java/lang/ObjectCustomizer> (0x00000007125cd768) 
thrown [t:\workspace\open\src\hotspot\share\classfile\systemDictionary.cpp, line 256]
Event: 1.000 Thread 0x0000019a31791100 Exception <a 'java/lang/IncompatibleClassChangeError'{0x00000007125d2608}: Found class java.lang.Object, but interface was expected> (0x00000007125d2608) 
thrown [t:\workspace\open\src\hotspot\share\interpreter\linkResolver.cpp, line 833]
Event: 1.004 Thread 0x0000019a31791100 Exception <a 'java/lang/ClassNotFoundException'{0x000000071235e110}: org/springframework/context/annotation/ConfigurationClassPostProcessorCustomizer> (0x000000071235e110) 
thrown [t:\workspace\open\src\hotspot\share\classfile\systemDictionary.cpp, line 256]
Event: 1.007 Thread 0x0000019a31791100 Exception <a 'java/lang/ClassNotFoundException'{0x000000071237d168}: org/springframework/beans/factory/support/BeanDefinitionRegistryPostProcessorCustomizer> (0x000000071237d168) 
thrown [t:\workspace\open\src\hotspot\share\classfile\systemDictionary.cpp, line 256]
Event: 1.007 Thread 0x0000019a31791100 Exception <a 'java/lang/ClassNotFoundException'{0x0000000712382700}: org/springframework/beans/factory/config/BeanFactoryPostProcessorCustomizer> (0x0000000712382700) 
thrown [t:\workspace\open\src\hotspot\share\classfile\systemDictionary.cpp, line 256]
Event: 1.007 Thread 0x0000019a31791100 Exception <a 'java/lang/ClassNotFoundException'{0x0000000712387970}: org/springframework/core/PriorityOrderedCustomizer> (0x0000000712387970) 
thrown [t:\workspace\open\src\hotspot\share\classfile\systemDictionary.cpp, line 256]
Event: 1.008 Thread 0x0000019a31791100 Exception <a 'java/lang/ClassNotFoundException'{0x000000071238b810}: org/springframework/core/OrderedCustomizer> (0x000000071238b810) 
thrown [t:\workspace\open\src\hotspot\share\classfile\systemDictionary.cpp, line 256]
Event: 1.008 Thread 0x0000019a31791100 Exception <a 'java/lang/ClassNotFoundException'{0x0000000712390960}: org/springframework/context/ResourceLoaderAwareCustomizer> (0x0000000712390960) 
thrown [t:\workspace\open\src\hotspot\share\classfile\systemDictionary.cpp, line 256]
Event: 1.008 Thread 0x0000019a31791100 Exception <a 'java/lang/ClassNotFoundException'{0x0000000712395be8}: org/springframework/beans/factory/AwareCustomizer> (0x0000000712395be8) 
thrown [t:\workspace\open\src\hotspot\share\classfile\systemDictionary.cpp, line 256]
Event: 1.009 Thread 0x0000019a31791100 Exception <a 'java/lang/ClassNotFoundException'{0x0000000712399eb8}: org/springframework/context/ApplicationStartupAwareCustomizer> (0x0000000712399eb8) 
thrown [t:\workspace\open\src\hotspot\share\classfile\systemDictionary.cpp, line 256]
Event: 1.009 Thread 0x0000019a31791100 Exception <a 'java/lang/ClassNotFoundException'{0x000000071239f3c8}: org/springframework/beans/factory/AwareCustomizer> (0x000000071239f3c8) 
thrown [t:\workspace\open\src\hotspot\share\classfile\systemDictionary.cpp, line 256]
Event: 1.009 Thread 0x0000019a31791100 Exception <a 'java/lang/ClassNotFoundException'{0x00000007123a36c8}: org/springframework/beans/factory/BeanClassLoaderAwareCustomizer> (0x00000007123a36c8) 
thrown [t:\workspace\open\src\hotspot\share\classfile\systemDictionary.cpp, line 256]
Event: 1.010 Thread 0x0000019a31791100 Exception <a 'java/lang/ClassNotFoundException'{0x00000007123a8938}: org/springframework/beans/factory/AwareCustomizer> (0x00000007123a8938) 
thrown [t:\workspace\open\src\hotspot\share\classfile\systemDictionary.cpp, line 256]
Event: 1.010 Thread 0x0000019a31791100 Exception <a 'java/lang/ClassNotFoundException'{0x00000007123ac9c0}: org/springframework/context/EnvironmentAwareCustomizer> (0x00000007123ac9c0) 
thrown [t:\workspace\open\src\hotspot\share\classfile\systemDictionary.cpp, line 256]
Event: 1.010 Thread 0x0000019a31791100 Exception <a 'java/lang/ClassNotFoundException'{0x00000007123b1bc8}: org/springframework/beans/factory/AwareCustomizer> (0x00000007123b1bc8) 
thrown [t:\workspace\open\src\hotspot\share\classfile\systemDictionary.cpp, line 256]
Event: 1.031 Thread 0x0000019a31791100 Exception <a 'java/lang/NoSuchMethodError'{0x000000071217be30}: 'java.lang.Object java.lang.invoke.DirectMethodHandle$Holder.invokeVirtual(java.lang.Object, java.lang.Object, java.lang.Object)'> (0x000000071217be30) 
thrown [t:\workspace\open\src\hotspot\share\interpreter\linkResolver.cpp, line 766]
Event: 1.084 Thread 0x0000019a31ed3b70 Exception <a 'java/lang/NoSuchMethodError'{0x0000000711bc4dd8}: 'java.lang.Object java.lang.invoke.DirectMethodHandle$Holder.invokeStaticInit(java.lang.Object, java.lang.Object, java.lang.Object)'> (0x0000000711bc4dd8) 
thrown [t:\workspace\open\src\hotspot\share\interpreter\linkResolver.cpp, line 766]
Event: 1.085 Thread 0x0000019a31ed3b70 Exception <a 'java/lang/NoSuchMethodError'{0x0000000711bcacc8}: 'java.lang.Object java.lang.invoke.DirectMethodHandle$Holder.invokeStaticInit(java.lang.Object, java.lang.Object, java.lang.Object, java.lang.Object, java.lang.Object)'> (0x0000000711bcacc8) 
thrown [t:\workspace\open\src\hotspot\share\interpreter\linkResolver.cpp, line 766]

VM Operations (20 events):
Event: 0.304 Executing VM operation: HandshakeAllThreads
Event: 0.304 Executing VM operation: HandshakeAllThreads done
Event: 0.520 Executing VM operation: HandshakeAllThreads
Event: 0.520 Executing VM operation: HandshakeAllThreads done
Event: 0.524 Executing VM operation: G1CollectForAllocation
Event: 0.527 Executing VM operation: G1CollectForAllocation done
Event: 0.818 Executing VM operation: ICBufferFull
Event: 0.818 Executing VM operation: ICBufferFull done
Event: 0.930 Executing VM operation: HandshakeAllThreads
Event: 0.931 Executing VM operation: HandshakeAllThreads done
Event: 0.931 Executing VM operation: HandshakeAllThreads
Event: 0.931 Executing VM operation: HandshakeAllThreads done
Event: 0.945 Executing VM operation: HandshakeAllThreads
Event: 0.945 Executing VM operation: HandshakeAllThreads done
Event: 0.946 Executing VM operation: G1CollectForAllocation
Event: 0.950 Executing VM operation: G1CollectForAllocation done
Event: 0.971 Executing VM operation: HandshakeAllThreads
Event: 0.971 Executing VM operation: HandshakeAllThreads done
Event: 1.022 Executing VM operation: HandshakeAllThreads
Event: 1.022 Executing VM operation: HandshakeAllThreads done

Events (20 events):
Event: 1.097 loading class com/sun/org/apache/xalan/internal/utils/XMLSecurityManager$NameMap done
Event: 1.097 loading class sun/util/resources/cldr/TimeZoneNames done
Event: 1.097 loading class sun/util/resources/cldr/TimeZoneNames_en
Event: 1.097 loading class jdk/xml/internal/JdkProperty
Event: 1.097 loading class jdk/xml/internal/JdkProperty done
Event: 1.098 loading class sun/util/resources/cldr/TimeZoneNames_en done
Event: 1.098 loading class sun/util/resources/cldr/TimeZoneNames_en_US
Event: 1.098 loading class sun/util/resources/cldr/TimeZoneNames_en_US done
Event: 1.099 loading class sun/util/resources/TimeZoneNames
Event: 1.100 loading class sun/util/resources/TimeZoneNames done
Event: 1.100 Thread 0x0000019a328addc0 Thread added: 0x0000019a328addc0
Event: 1.100 loading class sun/util/resources/TimeZoneNames_en
Event: 1.100 loading class sun/util/resources/TimeZoneNames_en done
Event: 1.112 Thread 0x0000019a32424a80 Thread added: 0x0000019a32424a80
Event: 1.121 loading class javax/naming/ldap/LdapContext
Event: 1.121 loading class javax/naming/directory/DirContext
Event: 1.121 loading class javax/naming/directory/DirContext done
Event: 1.121 loading class javax/naming/ldap/LdapContext done
Event: 1.134 loading class java/beans/ConstructorProperties
Event: 1.134 loading class java/beans/ConstructorProperties done


Dynamic libraries:
0x00007ff70e6f0000 - 0x00007ff70e6fe000 	C:\Users\Yaroslav\.jdks\openjdk-17.0.2\bin\java.exe
0x00007ffe921f0000 - 0x00007ffe923e5000 	C:\Windows\SYSTEM32\ntdll.dll
0x00007ffe91a80000 - 0x00007ffe91b3e000 	C:\Windows\System32\KERNEL32.DLL
0x00007ffe8fa20000 - 0x00007ffe8fce8000 	C:\Windows\System32\KERNELBASE.dll
0x00007ffe90080000 - 0x00007ffe90180000 	C:\Windows\System32\ucrtbase.dll
0x00007ffe78000000 - 0x00007ffe78018000 	C:\Users\Yaroslav\.jdks\openjdk-17.0.2\bin\jli.dll
0x00007ffe78070000 - 0x00007ffe7808a000 	C:\Users\Yaroslav\.jdks\openjdk-17.0.2\bin\VCRUNTIME140.dll
0x00007ffe90460000 - 0x00007ffe90600000 	C:\Windows\System32\USER32.dll
0x00007ffe90180000 - 0x00007ffe901a2000 	C:\Windows\System32\win32u.dll
0x00007ffe83320000 - 0x00007ffe835ba000 	C:\Windows\WinSxS\amd64_microsoft.windows.common-controls_6595b64144ccf1df_6.0.19041.1110_none_60b5254171f9507e\COMCTL32.dll
0x00007ffe91c00000 - 0x00007ffe91c2b000 	C:\Windows\System32\GDI32.dll
0x00007ffe91f00000 - 0x00007ffe91f9e000 	C:\Windows\System32\msvcrt.dll
0x00007ffe8f910000 - 0x00007ffe8fa1b000 	C:\Windows\System32\gdi32full.dll
0x00007ffe8ff50000 - 0x00007ffe8ffed000 	C:\Windows\System32\msvcp_win.dll
0x00007ffe90710000 - 0x00007ffe90740000 	C:\Windows\System32\IMM32.DLL
0x00007ffe893c0000 - 0x00007ffe893cc000 	C:\Users\Yaroslav\.jdks\openjdk-17.0.2\bin\vcruntime140_1.dll
0x00007ffe761e0000 - 0x00007ffe7626d000 	C:\Users\Yaroslav\.jdks\openjdk-17.0.2\bin\msvcp140.dll
0x00007ffdb5250000 - 0x00007ffdb5e11000 	C:\Users\Yaroslav\.jdks\openjdk-17.0.2\bin\server\jvm.dll
0x00007ffe91e50000 - 0x00007ffe91efe000 	C:\Windows\System32\ADVAPI32.dll
0x00007ffe91c30000 - 0x00007ffe91ccc000 	C:\Windows\System32\sechost.dll
0x00007ffe91380000 - 0x00007ffe914a5000 	C:\Windows\System32\RPCRT4.dll
0x00007ffe919f0000 - 0x00007ffe919f8000 	C:\Windows\System32\PSAPI.DLL
0x00007ffe7d680000 - 0x00007ffe7d6a7000 	C:\Windows\SYSTEM32\WINMM.dll
0x00007ffe88100000 - 0x00007ffe8810a000 	C:\Windows\SYSTEM32\VERSION.dll
0x00007ffe683b0000 - 0x00007ffe683b9000 	C:\Windows\SYSTEM32\WSOCK32.dll
0x00007ffe91980000 - 0x00007ffe919eb000 	C:\Windows\System32\WS2_32.dll
0x00007ffe8e170000 - 0x00007ffe8e182000 	C:\Windows\SYSTEM32\kernel.appcore.dll
0x00007ffe78240000 - 0x00007ffe7824a000 	C:\Users\Yaroslav\.jdks\openjdk-17.0.2\bin\jimage.dll
0x00007ffe8d550000 - 0x00007ffe8d734000 	C:\Windows\SYSTEM32\DBGHELP.DLL
0x00007ffe79f60000 - 0x00007ffe79f8c000 	C:\Windows\SYSTEM32\dbgcore.DLL
0x00007ffe8fff0000 - 0x00007ffe90072000 	C:\Windows\System32\bcryptPrimitives.dll
0x00007ffe8af70000 - 0x00007ffe8af7e000 	C:\Users\Yaroslav\.jdks\openjdk-17.0.2\bin\instrument.dll
0x00007ffe77fd0000 - 0x00007ffe77ff5000 	C:\Users\Yaroslav\.jdks\openjdk-17.0.2\bin\java.dll
0x00007ffe76100000 - 0x00007ffe761d6000 	C:\Users\Yaroslav\.jdks\openjdk-17.0.2\bin\jsvml.dll
0x00007ffe90aa0000 - 0x00007ffe911e4000 	C:\Windows\System32\SHELL32.dll
0x00007ffe8d9c0000 - 0x00007ffe8e154000 	C:\Windows\SYSTEM32\windows.storage.dll
0x00007ffe90740000 - 0x00007ffe90a94000 	C:\Windows\System32\combase.dll
0x00007ffe8f290000 - 0x00007ffe8f2bc000 	C:\Windows\SYSTEM32\Wldp.dll
0x00007ffe91b50000 - 0x00007ffe91bfd000 	C:\Windows\System32\SHCORE.dll
0x00007ffe91a20000 - 0x00007ffe91a75000 	C:\Windows\System32\shlwapi.dll
0x00007ffe8f850000 - 0x00007ffe8f86f000 	C:\Windows\SYSTEM32\profapi.dll
0x00007ffe77e90000 - 0x00007ffe77ea8000 	C:\Users\Yaroslav\.jdks\openjdk-17.0.2\bin\zip.dll
0x00007ffe77fb0000 - 0x00007ffe77fc9000 	C:\Users\Yaroslav\.jdks\openjdk-17.0.2\bin\net.dll
0x00007ffe87e30000 - 0x00007ffe87f39000 	C:\Windows\SYSTEM32\WINHTTP.dll
0x00007ffe8f070000 - 0x00007ffe8f0da000 	C:\Windows\system32\mswsock.dll
0x00007ffe77eb0000 - 0x00007ffe77ec6000 	C:\Users\Yaroslav\.jdks\openjdk-17.0.2\bin\nio.dll
0x00007ffe76c60000 - 0x00007ffe76c7a000 	C:\Program Files\JetBrains\IntelliJ IDEA Community Edition 2021.3.2\bin\breakgen64.dll
0x00007ffe78210000 - 0x00007ffe78220000 	C:\Users\Yaroslav\.jdks\openjdk-17.0.2\bin\verify.dll
0x00007ffe89360000 - 0x00007ffe89369000 	C:\Users\Yaroslav\.jdks\openjdk-17.0.2\bin\management.dll
0x00007ffe780f0000 - 0x00007ffe780fb000 	C:\Users\Yaroslav\.jdks\openjdk-17.0.2\bin\management_ext.dll
0x00007ffe697b0000 - 0x00007ffe697c7000 	C:\Windows\system32\napinsp.dll
0x00007ffe69690000 - 0x00007ffe696ab000 	C:\Windows\system32\pnrpnsp.dll
0x00007ffe8a520000 - 0x00007ffe8a535000 	C:\Windows\system32\wshbth.dll
0x00007ffe8ad70000 - 0x00007ffe8ad8d000 	C:\Windows\system32\NLAapi.dll
0x00007ffe8ed30000 - 0x00007ffe8ed6b000 	C:\Windows\SYSTEM32\IPHLPAPI.DLL
0x00007ffe8ed70000 - 0x00007ffe8ee3a000 	C:\Windows\SYSTEM32\DNSAPI.dll
0x00007ffe90330000 - 0x00007ffe90338000 	C:\Windows\System32\NSI.dll
0x00007ffe68200000 - 0x00007ffe68212000 	C:\Windows\System32\winrnr.dll
0x0000000073d40000 - 0x0000000073d66000 	C:\Program Files\Bonjour\mdnsNSP.dll
0x00007ffe88320000 - 0x00007ffe8832a000 	C:\Windows\System32\rasadhlp.dll
0x00007ffe80160000 - 0x00007ffe801df000 	C:\Windows\System32\fwpuclnt.dll
0x00007ffe901b0000 - 0x00007ffe901d7000 	C:\Windows\System32\bcrypt.dll

dbghelp: loaded successfully - version: 4.0.5 - missing functions: none
symbol engine: initialized successfully - sym options: 0x614 - pdb path: .;C:\Users\Yaroslav\.jdks\openjdk-17.0.2\bin;C:\Windows\SYSTEM32;C:\Windows\WinSxS\amd64_microsoft.windows.common-controls_6595b64144ccf1df_6.0.19041.1110_none_60b5254171f9507e;C:\Users\Yaroslav\.jdks\openjdk-17.0.2\bin\server;C:\Program Files\JetBrains\IntelliJ IDEA Community Edition 2021.3.2\bin;C:\Program Files\Bonjour

VM Arguments:
jvm_args: -javaagent:C:\Program Files\JetBrains\IntelliJ IDEA Community Edition 2021.3.2\lib\idea_rt.jar=65013:C:\Program Files\JetBrains\IntelliJ IDEA Community Edition 2021.3.2\bin -Dfile.encoding=UTF-8 
java_command: com.example.PAP2022.MyBackendApplication
java_class_path (initial): D:\SEM4\PAP\myBackEnd\myBackend\target\classes;C:\Users\Yaroslav\.m2\repository\org\springframework\boot\spring-boot-starter-data-jpa\2.6.4\spring-boot-starter-data-jpa-2.6.4.jar;C:\Users\Yaroslav\.m2\repository\org\springframework\boot\spring-boot-starter-aop\2.6.4\spring-boot-starter-aop-2.6.4.jar;C:\Users\Yaroslav\.m2\repository\org\aspectj\aspectjweaver\1.9.7\aspectjweaver-1.9.7.jar;C:\Users\Yaroslav\.m2\repository\org\springframework\boot\spring-boot-starter-jdbc\2.6.4\spring-boot-starter-jdbc-2.6.4.jar;C:\Users\Yaroslav\.m2\repository\com\zaxxer\HikariCP\4.0.3\HikariCP-4.0.3.jar;C:\Users\Yaroslav\.m2\repository\org\springframework\spring-jdbc\5.3.16\spring-jdbc-5.3.16.jar;C:\Users\Yaroslav\.m2\repository\jakarta\transaction\jakarta.transaction-api\1.3.3\jakarta.transaction-api-1.3.3.jar;C:\Users\Yaroslav\.m2\repository\jakarta\persistence\jakarta.persistence-api\2.2.3\jakarta.persistence-api-2.2.3.jar;C:\Users\Yaroslav\.m2\repository\org\hibernate\hibernate-core\5.6.5.Final\hibernate-core-5.6.5.Final.jar;C:\Users\Yaroslav\.m2\repository\org\jboss\logging\jboss-logging\3.4.3.Final\jboss-logging-3.4.3.Final.jar;C:\Users\Yaroslav\.m2\repository\net\bytebuddy\byte-buddy\1.11.22\byte-buddy-1.11.22.jar;C:\Users\Yaroslav\.m2\repository\antlr\antlr\2.7.7\antlr-2.7.7.jar;C:\Users\Yaroslav\.m2\repository\org\jboss\jandex\2.4.2.Final\jandex-2.4.2.Final.jar;C:\Users\Yaroslav\.m2\repository\com\fasterxml\classmate\1.5.1\classmate-1.5.1.jar;C:\Users\Yaroslav\.m2\repository\org\hibernate\common\hibernate-commons-annotations\5.1.2.Final\hibernate-commons-annotations-5.1.2.Final.jar;C:\Users\Yaroslav\.m2\repository\org\glassfish\jaxb\jaxb-runtime\2.3.6\jaxb-runtime-2.3.6.jar;C:\Users\Yaroslav\.m2\repository\org\glassfish\jaxb\txw2\2.3.6\txw2-2.3.6.jar;C:\Users\Yaroslav\.m2\repository\com\sun\istack\istack-commons-runtime\3.0.12\istack-commons-runtime-3.0.12.jar;C:\Users\Yaroslav\.m2\repository\org\springframework\data\spring-data-jpa\2.6.2\spring-d
Launcher Type: SUN_STANDARD

[Global flags]
     intx CICompilerCount                          = 4                                         {product} {ergonomic}
     uint ConcGCThreads                            = 3                                         {product} {ergonomic}
     uint G1ConcRefinementThreads                  = 10                                        {product} {ergonomic}
   size_t G1HeapRegionSize                         = 2097152                                   {product} {ergonomic}
    uintx GCDrainStackTargetSize                   = 64                                        {product} {ergonomic}
   size_t InitialHeapSize                          = 266338304                                 {product} {ergonomic}
   size_t MarkStackSize                            = 4194304                                   {product} {ergonomic}
   size_t MaxHeapSize                              = 4250927104                                {product} {ergonomic}
   size_t MaxNewSize                               = 2550136832                                {product} {ergonomic}
   size_t MinHeapDeltaBytes                        = 2097152                                   {product} {ergonomic}
   size_t MinHeapSize                              = 8388608                                   {product} {ergonomic}
    uintx NonNMethodCodeHeapSize                   = 5839372                                {pd product} {ergonomic}
    uintx NonProfiledCodeHeapSize                  = 122909434                              {pd product} {ergonomic}
    uintx ProfiledCodeHeapSize                     = 122909434                              {pd product} {ergonomic}
    uintx ReservedCodeCacheSize                    = 251658240                              {pd product} {ergonomic}
     bool SegmentedCodeCache                       = true                                      {product} {ergonomic}
   size_t SoftMaxHeapSize                          = 4250927104                             {manageable} {ergonomic}
     bool UseCompressedClassPointers               = true                           {product lp64_product} {ergonomic}
     bool UseCompressedOops                        = true                           {product lp64_product} {ergonomic}
     bool UseG1GC                                  = true                                      {product} {ergonomic}
     bool UseLargePagesIndividualAllocation        = false                                  {pd product} {ergonomic}

Logging:
Log output configuration:
 #0: stdout all=warning uptime,level,tags
 #1: stderr all=off uptime,level,tags

Environment Variables:
PATH=C:\Program Files (x86)\VMware\VMware Player\bin\;C:\Program Files\Common Files\Oracle\Java\javapath;C:\Program Files (x86)\Common Files\Oracle\Java\javapath;C:\Program Files (x86)\NVIDIA Corporation\PhysX\Common;C:\Windows\system32;C:\Windows;C:\Windows\System32\Wbem;C:\Windows\System32\WindowsPowerShell\v1.0\;C:\Windows\System32\OpenSSH\;C:\cmake-3.21.1-windows-x86_64\bin;C:\Program Files\Git\cmd;C:\Program Files\Git\bin;C:\Program Files\CodeBlocks\MinGW\bin;C:\Program Files\Microsoft SQL Server\Client SDK\ODBC\110\Tools\Binn\;C:\Program Files (x86)\Microsoft SQL Server\120\Tools\Binn\;C:\Program Files\Microsoft SQL Server\120\Tools\Binn\;C:\Program Files\Microsoft SQL Server\120\DTS\Binn\;C:\Program Files (x86)\Windows Kits\8.1\Windows Performance Toolkit\;C:\Program Files\Java\jdk-16.0.2\bin;C:\Program Files\nodejs\;C:\Program Files\MATLAB\R2020b\bin;C:\Program Files\Docker\Docker\resources\bin;C:\ProgramData\DockerDesktop\version-bin;C:\Program Files\MySQL\MySQL Shell 8.0\bin\;C:\Users\Yaroslav\AppData\Local\Programs\Python\Python39\Scripts\;C:\Users\Yaroslav\AppData\Local\Programs\Python\Python39\;C:\Users\Yaroslav\AppData\Local\Microsoft\WindowsApps;C:\Program Files\JetBrains\PyCharm Community Edition 2021.1.3\bin;C:\Users\Yaroslav\AppData\Local\Programs\Microsoft VS Code\bin;C:\Users\Yaroslav\AppData\Local\Google\Cloud SDK\google-cloud-sdk\bin;C:\\MinGW\\bin;C:\Program Files\Git\bin;C:\Program Files\CodeBlocks\MinGW\bin;C:\Program Files\JetBrains\IntelliJ IDEA Community Edition 2021.2.1\bin;C:\Users\Yaroslav\AppData\Local\gitkraken\bin;C:\Users\Yaroslav\AppData\Roaming\npm;C:\Program Files\JetBrains\IntelliJ IDEA Community Edition 2021.3.2\bin;;C:\Program Files\JetBrains\IntelliJ IDEA 2021.3.2\bin;;C:\Program Files\JetBrains\WebStorm 2021.3.2\bin;;C:\Program Files\PostgreSQL\14\bin;C:\Program Files\PostgreSQL\14\lib;
USERNAME=Yaroslav
OS=Windows_NT
PROCESSOR_IDENTIFIER=Intel64 Family 6 Model 165 Stepping 2, GenuineIntel



---------------  S Y S T E M  ---------------

OS:
 Windows 10 , 64 bit Build 19041 (10.0.19041.1566)
OS uptime: 12 days 3:59 hours
Hyper-V role detected

CPU: total 12 (initial active 12) (6 cores per cpu, 2 threads per core) family 6 model 165 stepping 2 microcode 0xe2, cx8, cmov, fxsr, ht, mmx, 3dnowpref, sse, sse2, sse3, ssse3, sse4.1, sse4.2, popcnt, lzcnt, tsc, tscinvbit, avx, avx2, aes, erms, clmul, bmi1, bmi2, adx, fma, vzeroupper, clflush, clflushopt, hv

Memory: 4k page, system-wide physical 16215M (1415M free)
TotalPageFile size 46408M (AvailPageFile size 4M)
current process WorkingSet (physical memory assigned to process): 125M, peak: 125M
current process commit charge ("private bytes"): 393M, peak: 393M

vm_info: OpenJDK 64-Bit Server VM (17.0.2+8-86) for windows-amd64 JRE (17.0.2+8-86), built on Dec  7 2021 21:49:10 by "mach5one" with MS VC++ 16.8 / 16.9 (VS2019)

END.
